<?xml version="1.0" encoding="UTF-8"?>
<!-- Generated by org.testng.reporters.JUnitReportReporter -->
<testsuite skipped="0" hostname="DESKTOP-ULL41SB" name="execution.Execute" tests="1" failures="0" timestamp="2021-06-02T21:55:19 IST" time="269.239" errors="0">
  <testcase name="f" time="269.239" classname="execution.Execute"/>
  <system-out/>
</testsuite> <!-- execution.Execute -->
